<?xml version="1.0" encoding="UTF-8"?>
<testsuite name="TestSuite" time="13.584" tests="51" errors="0" skipped="0" failures="4">
  <properties>
[...]
</properties>
  <testcase name="BillingCent" classname="Script.BillingCentre" time="13.584"/>
  <testcase name="BillingCent" classname="Script.BillingCentre" time="12.245"/>
  <testcase name="BillingCent" classname="Script.BillingCentre" time="11.865"/>
  <testcase name="BillingCent" classname="Script.BillingCentre" time="12.021"/>
  <testcase name="BillingCent" classname="Script.BillingCentre" time="12.284"/>
  <testcase name="BillingCent" classname="Script.BillingCentre" time="12.088"/>
  <testcase name="BillingCent" classname="Script.BillingCentre" time="11.855"/>
  <testcase name="BillingCent" classname="Script.BillingCentre" time="12.04"/>
  <testcase name="BillingCent" classname="Script.BillingCentre" time="11.892"/>
  <testcase name="BillingCent" classname="Script.BillingCentre" time="11.958"/>
  <testcase name="BillingCent" classname="Script.BillingCentre" time="11.776"/>
  <testcase name="BillingCent" classname="Script.BillingCentre" time="11.709"/>
  <testcase name="BillingCent" classname="Script.BillingCentre" time="11.909"/>
  <testcase name="BillingCent" classname="Script.BillingCentre" time="11.847"/>
  <testcase name="BillingCent" classname="Script.BillingCentre" time="11.955"/>
  <testcase name="BillingCent" classname="Script.BillingCentre" time="13.556">
    <failure message="no such element: Unable to locate element: {&quot;method&quot;:&quot;xpath&quot;,&quot;selector&quot;:&quot;//a[@id=&apos;Policies:PolicySearchScreen:PolicySearchResultsLV:0:PolicyNumber&apos;]&quot;}&#10;  (Session info: chrome=69.0.3497.100)&#10;  (Driver info: chromedriver=2.38.552522 (437e6fbedfa8762dec75e2c5b3ddb86763dc9dcb),platform=Windows NT 6.1.7601 SP1 x86_64) (WARNING: The server did not provide any stacktrace information)&#10;Command duration or timeout: 5.06 seconds&#10;For documentation on this error, please visit: http://seleniumhq.org/exceptions/no_such_element.html&#10;Build info: version: &apos;2.53.0&apos;, revision: &apos;35ae25b1534ae328c771e0856c93e187490ca824&apos;, time: &apos;2016-03-15 10:43:46&apos;&#10;System info: host: &apos;W00PISVDI247&apos;, ip: &apos;10.60.202.198&apos;, os.name: &apos;Windows 7&apos;, os.arch: &apos;amd64&apos;, os.version: &apos;6.1&apos;, java.version: &apos;1.8.0_121&apos;&#10;Driver info: org.openqa.selenium.chrome.ChromeDriver&#10;Capabilities [{applicationCacheEnabled=false, rotatable=false, mobileEmulationEnabled=false, networkConnectionEnabled=false, chrome={chromedriverVersion=2.38.552522 (437e6fbedfa8762dec75e2c5b3ddb86763dc9dcb), userDataDir=C:\Users\ljena\AppData\Local\Temp\scoped_dir16736_30075}, takesHeapSnapshot=true, pageLoadStrategy=normal, databaseEnabled=false, handlesAlerts=true, hasTouchScreen=false, version=69.0.3497.100, platform=XP, browserConnectionEnabled=false, nativeEvents=true, acceptSslCerts=false, acceptInsecureCerts=false, locationContextEnabled=true, webStorageEnabled=true, browserName=chrome, takesScreenshot=true, javascriptEnabled=true, cssSelectorsEnabled=true, setWindowRect=true, unexpectedAlertBehaviour=}]&#10;Session ID: 37f9ebf0e37606eef9b6a26c6651d4fb&#10;*** Element info: {Using=xpath, value=//a[@id=&apos;Policies:PolicySearchScreen:PolicySearchResultsLV:0:PolicyNumber&apos;]}" type="org.openqa.selenium.NoSuchElementException">org.openqa.selenium.NoSuchElementException: no such element: Unable to locate element: {"method":"xpath","selector":"//a[@id='Policies:PolicySearchScreen:PolicySearchResultsLV:0:PolicyNumber']"}
  (Session info: chrome=69.0.3497.100)
  (Driver info: chromedriver=2.38.552522 (437e6fbedfa8762dec75e2c5b3ddb86763dc9dcb),platform=Windows NT 6.1.7601 SP1 x86_64) (WARNING: The server did not provide any stacktrace information)
Command duration or timeout: 5.06 seconds
For documentation on this error, please visit: http://seleniumhq.org/exceptions/no_such_element.html
Build info: version: '2.53.0', revision: '35ae25b1534ae328c771e0856c93e187490ca824', time: '2016-03-15 10:43:46'
System info: host: 'W00PISVDI247', ip: '10.60.202.198', os.name: 'Windows 7', os.arch: 'amd64', os.version: '6.1', java.version: '1.8.0_121'
Driver info: org.openqa.selenium.chrome.ChromeDriver
Capabilities [{applicationCacheEnabled=false, rotatable=false, mobileEmulationEnabled=false, networkConnectionEnabled=false, chrome={chromedriverVersion=2.38.552522 (437e6fbedfa8762dec75e2c5b3ddb86763dc9dcb), userDataDir=C:\Users\ljena\AppData\Local\Temp\scoped_dir16736_30075}, takesHeapSnapshot=true, pageLoadStrategy=normal, databaseEnabled=false, handlesAlerts=true, hasTouchScreen=false, version=69.0.3497.100, platform=XP, browserConnectionEnabled=false, nativeEvents=true, acceptSslCerts=false, acceptInsecureCerts=false, locationContextEnabled=true, webStorageEnabled=true, browserName=chrome, takesScreenshot=true, javascriptEnabled=true, cssSelectorsEnabled=true, setWindowRect=true, unexpectedAlertBehaviour=}]
Session ID: 37f9ebf0e37606eef9b6a26c6651d4fb
*** Element info: {Using=xpath, value=//a[@id='Policies:PolicySearchScreen:PolicySearchResultsLV:0:PolicyNumber']}
	at sun.reflect.GeneratedConstructorAccessor64.newInstance(Unknown Source)
	at sun.reflect.DelegatingConstructorAccessorImpl.newInstance(DelegatingConstructorAccessorImpl.java:45)
	at java.lang.reflect.Constructor.newInstance(Constructor.java:423)
	at org.openqa.selenium.remote.ErrorHandler.createThrowable(ErrorHandler.java:206)
	at org.openqa.selenium.remote.ErrorHandler.throwIfResponseFailed(ErrorHandler.java:158)
	at org.openqa.selenium.remote.RemoteWebDriver.execute(RemoteWebDriver.java:678)
	at org.openqa.selenium.remote.RemoteWebDriver.findElement(RemoteWebDriver.java:363)
	at org.openqa.selenium.remote.RemoteWebDriver.findElementByXPath(RemoteWebDriver.java:500)
	at org.openqa.selenium.By$ByXPath.findElement(By.java:361)
	at org.openqa.selenium.remote.RemoteWebDriver.findElement(RemoteWebDriver.java:355)
	at Script.BaseTest.getText(BaseTest.java:162)
	at Script.BillingCentre.BillingCent(BillingCentre.java:60)
</failure>
    <system-out><![CDATA[Test successfully executed
]]></system-out>
  </testcase>
  <testcase name="BillingCent" classname="Script.BillingCentre" time="11.837"/>
  <testcase name="BillingCent" classname="Script.BillingCentre" time="11.802"/>
  <testcase name="BillingCent" classname="Script.BillingCentre" time="11.833"/>
  <testcase name="BillingCent" classname="Script.BillingCentre" time="11.984"/>
  <testcase name="BillingCent" classname="Script.BillingCentre" time="11.738"/>
  <testcase name="BillingCent" classname="Script.BillingCentre" time="11.671"/>
  <testcase name="BillingCent" classname="Script.BillingCentre" time="11.776"/>
  <testcase name="BillingCent" classname="Script.BillingCentre" time="11.908"/>
  <testcase name="BillingCent" classname="Script.BillingCentre" time="11.951"/>
  <testcase name="BillingCent" classname="Script.BillingCentre" time="12.064"/>
  <testcase name="BillingCent" classname="Script.BillingCentre" time="11.773"/>
  <testcase name="BillingCent" classname="Script.BillingCentre" time="11.822"/>
  <testcase name="BillingCent" classname="Script.BillingCentre" time="13.407">
    <failure message="no such element: Unable to locate element: {&quot;method&quot;:&quot;xpath&quot;,&quot;selector&quot;:&quot;//a[@id=&apos;Policies:PolicySearchScreen:PolicySearchResultsLV:0:PolicyNumber&apos;]&quot;}&#10;  (Session info: chrome=69.0.3497.100)&#10;  (Driver info: chromedriver=2.38.552522 (437e6fbedfa8762dec75e2c5b3ddb86763dc9dcb),platform=Windows NT 6.1.7601 SP1 x86_64) (WARNING: The server did not provide any stacktrace information)&#10;Command duration or timeout: 5.05 seconds&#10;For documentation on this error, please visit: http://seleniumhq.org/exceptions/no_such_element.html&#10;Build info: version: &apos;2.53.0&apos;, revision: &apos;35ae25b1534ae328c771e0856c93e187490ca824&apos;, time: &apos;2016-03-15 10:43:46&apos;&#10;System info: host: &apos;W00PISVDI247&apos;, ip: &apos;10.60.202.198&apos;, os.name: &apos;Windows 7&apos;, os.arch: &apos;amd64&apos;, os.version: &apos;6.1&apos;, java.version: &apos;1.8.0_121&apos;&#10;Driver info: org.openqa.selenium.chrome.ChromeDriver&#10;Capabilities [{applicationCacheEnabled=false, rotatable=false, mobileEmulationEnabled=false, networkConnectionEnabled=false, chrome={chromedriverVersion=2.38.552522 (437e6fbedfa8762dec75e2c5b3ddb86763dc9dcb), userDataDir=C:\Users\ljena\AppData\Local\Temp\scoped_dir16736_30075}, takesHeapSnapshot=true, pageLoadStrategy=normal, databaseEnabled=false, handlesAlerts=true, hasTouchScreen=false, version=69.0.3497.100, platform=XP, browserConnectionEnabled=false, nativeEvents=true, acceptSslCerts=false, acceptInsecureCerts=false, locationContextEnabled=true, webStorageEnabled=true, browserName=chrome, takesScreenshot=true, javascriptEnabled=true, cssSelectorsEnabled=true, setWindowRect=true, unexpectedAlertBehaviour=}]&#10;Session ID: 37f9ebf0e37606eef9b6a26c6651d4fb&#10;*** Element info: {Using=xpath, value=//a[@id=&apos;Policies:PolicySearchScreen:PolicySearchResultsLV:0:PolicyNumber&apos;]}" type="org.openqa.selenium.NoSuchElementException">org.openqa.selenium.NoSuchElementException: no such element: Unable to locate element: {"method":"xpath","selector":"//a[@id='Policies:PolicySearchScreen:PolicySearchResultsLV:0:PolicyNumber']"}
  (Session info: chrome=69.0.3497.100)
  (Driver info: chromedriver=2.38.552522 (437e6fbedfa8762dec75e2c5b3ddb86763dc9dcb),platform=Windows NT 6.1.7601 SP1 x86_64) (WARNING: The server did not provide any stacktrace information)
Command duration or timeout: 5.05 seconds
For documentation on this error, please visit: http://seleniumhq.org/exceptions/no_such_element.html
Build info: version: '2.53.0', revision: '35ae25b1534ae328c771e0856c93e187490ca824', time: '2016-03-15 10:43:46'
System info: host: 'W00PISVDI247', ip: '10.60.202.198', os.name: 'Windows 7', os.arch: 'amd64', os.version: '6.1', java.version: '1.8.0_121'
Driver info: org.openqa.selenium.chrome.ChromeDriver
Capabilities [{applicationCacheEnabled=false, rotatable=false, mobileEmulationEnabled=false, networkConnectionEnabled=false, chrome={chromedriverVersion=2.38.552522 (437e6fbedfa8762dec75e2c5b3ddb86763dc9dcb), userDataDir=C:\Users\ljena\AppData\Local\Temp\scoped_dir16736_30075}, takesHeapSnapshot=true, pageLoadStrategy=normal, databaseEnabled=false, handlesAlerts=true, hasTouchScreen=false, version=69.0.3497.100, platform=XP, browserConnectionEnabled=false, nativeEvents=true, acceptSslCerts=false, acceptInsecureCerts=false, locationContextEnabled=true, webStorageEnabled=true, browserName=chrome, takesScreenshot=true, javascriptEnabled=true, cssSelectorsEnabled=true, setWindowRect=true, unexpectedAlertBehaviour=}]
Session ID: 37f9ebf0e37606eef9b6a26c6651d4fb
*** Element info: {Using=xpath, value=//a[@id='Policies:PolicySearchScreen:PolicySearchResultsLV:0:PolicyNumber']}
	at sun.reflect.GeneratedConstructorAccessor64.newInstance(Unknown Source)
	at sun.reflect.DelegatingConstructorAccessorImpl.newInstance(DelegatingConstructorAccessorImpl.java:45)
	at java.lang.reflect.Constructor.newInstance(Constructor.java:423)
	at org.openqa.selenium.remote.ErrorHandler.createThrowable(ErrorHandler.java:206)
	at org.openqa.selenium.remote.ErrorHandler.throwIfResponseFailed(ErrorHandler.java:158)
	at org.openqa.selenium.remote.RemoteWebDriver.execute(RemoteWebDriver.java:678)
	at org.openqa.selenium.remote.RemoteWebDriver.findElement(RemoteWebDriver.java:363)
	at org.openqa.selenium.remote.RemoteWebDriver.findElementByXPath(RemoteWebDriver.java:500)
	at org.openqa.selenium.By$ByXPath.findElement(By.java:361)
	at org.openqa.selenium.remote.RemoteWebDriver.findElement(RemoteWebDriver.java:355)
	at Script.BaseTest.getText(BaseTest.java:162)
	at Script.BillingCentre.BillingCent(BillingCentre.java:60)
</failure>
    <system-out><![CDATA[Test successfully executed
]]></system-out>
  </testcase>
  <testcase name="BillingCent" classname="Script.BillingCentre" time="11.906"/>
  <testcase name="BillingCent" classname="Script.BillingCentre" time="11.689"/>
  <testcase name="BillingCent" classname="Script.BillingCentre" time="11.78"/>
  <testcase name="BillingCent" classname="Script.BillingCentre" time="11.772"/>
  <testcase name="BillingCent" classname="Script.BillingCentre" time="11.713"/>
  <testcase name="BillingCent" classname="Script.BillingCentre" time="11.963"/>
  <testcase name="BillingCent" classname="Script.BillingCentre" time="11.893"/>
  <testcase name="BillingCent" classname="Script.BillingCentre" time="11.658"/>
  <testcase name="BillingCent" classname="Script.BillingCentre" time="12.712"/>
  <testcase name="BillingCent" classname="Script.BillingCentre" time="11.757"/>
  <testcase name="BillingCent" classname="Script.BillingCentre" time="13.403">
    <failure message="no such element: Unable to locate element: {&quot;method&quot;:&quot;xpath&quot;,&quot;selector&quot;:&quot;//a[@id=&apos;Policies:PolicySearchScreen:PolicySearchResultsLV:0:PolicyNumber&apos;]&quot;}&#10;  (Session info: chrome=69.0.3497.100)&#10;  (Driver info: chromedriver=2.38.552522 (437e6fbedfa8762dec75e2c5b3ddb86763dc9dcb),platform=Windows NT 6.1.7601 SP1 x86_64) (WARNING: The server did not provide any stacktrace information)&#10;Command duration or timeout: 5.04 seconds&#10;For documentation on this error, please visit: http://seleniumhq.org/exceptions/no_such_element.html&#10;Build info: version: &apos;2.53.0&apos;, revision: &apos;35ae25b1534ae328c771e0856c93e187490ca824&apos;, time: &apos;2016-03-15 10:43:46&apos;&#10;System info: host: &apos;W00PISVDI247&apos;, ip: &apos;10.60.202.198&apos;, os.name: &apos;Windows 7&apos;, os.arch: &apos;amd64&apos;, os.version: &apos;6.1&apos;, java.version: &apos;1.8.0_121&apos;&#10;Driver info: org.openqa.selenium.chrome.ChromeDriver&#10;Capabilities [{applicationCacheEnabled=false, rotatable=false, mobileEmulationEnabled=false, networkConnectionEnabled=false, chrome={chromedriverVersion=2.38.552522 (437e6fbedfa8762dec75e2c5b3ddb86763dc9dcb), userDataDir=C:\Users\ljena\AppData\Local\Temp\scoped_dir16736_30075}, takesHeapSnapshot=true, pageLoadStrategy=normal, databaseEnabled=false, handlesAlerts=true, hasTouchScreen=false, version=69.0.3497.100, platform=XP, browserConnectionEnabled=false, nativeEvents=true, acceptSslCerts=false, acceptInsecureCerts=false, locationContextEnabled=true, webStorageEnabled=true, browserName=chrome, takesScreenshot=true, javascriptEnabled=true, cssSelectorsEnabled=true, setWindowRect=true, unexpectedAlertBehaviour=}]&#10;Session ID: 37f9ebf0e37606eef9b6a26c6651d4fb&#10;*** Element info: {Using=xpath, value=//a[@id=&apos;Policies:PolicySearchScreen:PolicySearchResultsLV:0:PolicyNumber&apos;]}" type="org.openqa.selenium.NoSuchElementException">org.openqa.selenium.NoSuchElementException: no such element: Unable to locate element: {"method":"xpath","selector":"//a[@id='Policies:PolicySearchScreen:PolicySearchResultsLV:0:PolicyNumber']"}
  (Session info: chrome=69.0.3497.100)
  (Driver info: chromedriver=2.38.552522 (437e6fbedfa8762dec75e2c5b3ddb86763dc9dcb),platform=Windows NT 6.1.7601 SP1 x86_64) (WARNING: The server did not provide any stacktrace information)
Command duration or timeout: 5.04 seconds
For documentation on this error, please visit: http://seleniumhq.org/exceptions/no_such_element.html
Build info: version: '2.53.0', revision: '35ae25b1534ae328c771e0856c93e187490ca824', time: '2016-03-15 10:43:46'
System info: host: 'W00PISVDI247', ip: '10.60.202.198', os.name: 'Windows 7', os.arch: 'amd64', os.version: '6.1', java.version: '1.8.0_121'
Driver info: org.openqa.selenium.chrome.ChromeDriver
Capabilities [{applicationCacheEnabled=false, rotatable=false, mobileEmulationEnabled=false, networkConnectionEnabled=false, chrome={chromedriverVersion=2.38.552522 (437e6fbedfa8762dec75e2c5b3ddb86763dc9dcb), userDataDir=C:\Users\ljena\AppData\Local\Temp\scoped_dir16736_30075}, takesHeapSnapshot=true, pageLoadStrategy=normal, databaseEnabled=false, handlesAlerts=true, hasTouchScreen=false, version=69.0.3497.100, platform=XP, browserConnectionEnabled=false, nativeEvents=true, acceptSslCerts=false, acceptInsecureCerts=false, locationContextEnabled=true, webStorageEnabled=true, browserName=chrome, takesScreenshot=true, javascriptEnabled=true, cssSelectorsEnabled=true, setWindowRect=true, unexpectedAlertBehaviour=}]
Session ID: 37f9ebf0e37606eef9b6a26c6651d4fb
*** Element info: {Using=xpath, value=//a[@id='Policies:PolicySearchScreen:PolicySearchResultsLV:0:PolicyNumber']}
	at sun.reflect.GeneratedConstructorAccessor64.newInstance(Unknown Source)
	at sun.reflect.DelegatingConstructorAccessorImpl.newInstance(DelegatingConstructorAccessorImpl.java:45)
	at java.lang.reflect.Constructor.newInstance(Constructor.java:423)
	at org.openqa.selenium.remote.ErrorHandler.createThrowable(ErrorHandler.java:206)
	at org.openqa.selenium.remote.ErrorHandler.throwIfResponseFailed(ErrorHandler.java:158)
	at org.openqa.selenium.remote.RemoteWebDriver.execute(RemoteWebDriver.java:678)
	at org.openqa.selenium.remote.RemoteWebDriver.findElement(RemoteWebDriver.java:363)
	at org.openqa.selenium.remote.RemoteWebDriver.findElementByXPath(RemoteWebDriver.java:500)
	at org.openqa.selenium.By$ByXPath.findElement(By.java:361)
	at org.openqa.selenium.remote.RemoteWebDriver.findElement(RemoteWebDriver.java:355)
	at Script.BaseTest.getText(BaseTest.java:162)
	at Script.BillingCentre.BillingCent(BillingCentre.java:60)
</failure>
    <system-out><![CDATA[Test successfully executed
]]></system-out>
  </testcase>
  <testcase name="BillingCent" classname="Script.BillingCentre" time="13.147"/>
  <testcase name="BillingCent" classname="Script.BillingCentre" time="11.608"/>
  <testcase name="BillingCent" classname="Script.BillingCentre" time="4.714"/>
  <testcase name="BillingCent" classname="Script.BillingCentre" time="12.026"/>
  <testcase name="BillingCent" classname="Script.BillingCentre" time="11.762"/>
  <testcase name="BillingCent" classname="Script.BillingCentre" time="4.089"/>
  <testcase name="BillingCent" classname="Script.BillingCentre" time="12.096"/>
  <testcase name="BillingCent" classname="Script.BillingCentre" time="11.652"/>
  <testcase name="BillingCent" classname="Script.BillingCentre" time="4.053"/>
  <testcase name="BillingCent" classname="Script.BillingCentre" time="11.789"/>
  <testcase name="BillingCent" classname="Script.BillingCentre" time="13.515">
    <failure message="no such element: Unable to locate element: {&quot;method&quot;:&quot;xpath&quot;,&quot;selector&quot;:&quot;//a[@id=&apos;Policies:PolicySearchScreen:PolicySearchResultsLV:0:PolicyNumber&apos;]&quot;}&#10;  (Session info: chrome=69.0.3497.100)&#10;  (Driver info: chromedriver=2.38.552522 (437e6fbedfa8762dec75e2c5b3ddb86763dc9dcb),platform=Windows NT 6.1.7601 SP1 x86_64) (WARNING: The server did not provide any stacktrace information)&#10;Command duration or timeout: 5.04 seconds&#10;For documentation on this error, please visit: http://seleniumhq.org/exceptions/no_such_element.html&#10;Build info: version: &apos;2.53.0&apos;, revision: &apos;35ae25b1534ae328c771e0856c93e187490ca824&apos;, time: &apos;2016-03-15 10:43:46&apos;&#10;System info: host: &apos;W00PISVDI247&apos;, ip: &apos;10.60.202.198&apos;, os.name: &apos;Windows 7&apos;, os.arch: &apos;amd64&apos;, os.version: &apos;6.1&apos;, java.version: &apos;1.8.0_121&apos;&#10;Driver info: org.openqa.selenium.chrome.ChromeDriver&#10;Capabilities [{applicationCacheEnabled=false, rotatable=false, mobileEmulationEnabled=false, networkConnectionEnabled=false, chrome={chromedriverVersion=2.38.552522 (437e6fbedfa8762dec75e2c5b3ddb86763dc9dcb), userDataDir=C:\Users\ljena\AppData\Local\Temp\scoped_dir16736_30075}, takesHeapSnapshot=true, pageLoadStrategy=normal, databaseEnabled=false, handlesAlerts=true, hasTouchScreen=false, version=69.0.3497.100, platform=XP, browserConnectionEnabled=false, nativeEvents=true, acceptSslCerts=false, acceptInsecureCerts=false, locationContextEnabled=true, webStorageEnabled=true, browserName=chrome, takesScreenshot=true, javascriptEnabled=true, cssSelectorsEnabled=true, setWindowRect=true, unexpectedAlertBehaviour=}]&#10;Session ID: 37f9ebf0e37606eef9b6a26c6651d4fb&#10;*** Element info: {Using=xpath, value=//a[@id=&apos;Policies:PolicySearchScreen:PolicySearchResultsLV:0:PolicyNumber&apos;]}" type="org.openqa.selenium.NoSuchElementException">org.openqa.selenium.NoSuchElementException: no such element: Unable to locate element: {"method":"xpath","selector":"//a[@id='Policies:PolicySearchScreen:PolicySearchResultsLV:0:PolicyNumber']"}
  (Session info: chrome=69.0.3497.100)
  (Driver info: chromedriver=2.38.552522 (437e6fbedfa8762dec75e2c5b3ddb86763dc9dcb),platform=Windows NT 6.1.7601 SP1 x86_64) (WARNING: The server did not provide any stacktrace information)
Command duration or timeout: 5.04 seconds
For documentation on this error, please visit: http://seleniumhq.org/exceptions/no_such_element.html
Build info: version: '2.53.0', revision: '35ae25b1534ae328c771e0856c93e187490ca824', time: '2016-03-15 10:43:46'
System info: host: 'W00PISVDI247', ip: '10.60.202.198', os.name: 'Windows 7', os.arch: 'amd64', os.version: '6.1', java.version: '1.8.0_121'
Driver info: org.openqa.selenium.chrome.ChromeDriver
Capabilities [{applicationCacheEnabled=false, rotatable=false, mobileEmulationEnabled=false, networkConnectionEnabled=false, chrome={chromedriverVersion=2.38.552522 (437e6fbedfa8762dec75e2c5b3ddb86763dc9dcb), userDataDir=C:\Users\ljena\AppData\Local\Temp\scoped_dir16736_30075}, takesHeapSnapshot=true, pageLoadStrategy=normal, databaseEnabled=false, handlesAlerts=true, hasTouchScreen=false, version=69.0.3497.100, platform=XP, browserConnectionEnabled=false, nativeEvents=true, acceptSslCerts=false, acceptInsecureCerts=false, locationContextEnabled=true, webStorageEnabled=true, browserName=chrome, takesScreenshot=true, javascriptEnabled=true, cssSelectorsEnabled=true, setWindowRect=true, unexpectedAlertBehaviour=}]
Session ID: 37f9ebf0e37606eef9b6a26c6651d4fb
*** Element info: {Using=xpath, value=//a[@id='Policies:PolicySearchScreen:PolicySearchResultsLV:0:PolicyNumber']}
	at sun.reflect.GeneratedConstructorAccessor64.newInstance(Unknown Source)
	at sun.reflect.DelegatingConstructorAccessorImpl.newInstance(DelegatingConstructorAccessorImpl.java:45)
	at java.lang.reflect.Constructor.newInstance(Constructor.java:423)
	at org.openqa.selenium.remote.ErrorHandler.createThrowable(ErrorHandler.java:206)
	at org.openqa.selenium.remote.ErrorHandler.throwIfResponseFailed(ErrorHandler.java:158)
	at org.openqa.selenium.remote.RemoteWebDriver.execute(RemoteWebDriver.java:678)
	at org.openqa.selenium.remote.RemoteWebDriver.findElement(RemoteWebDriver.java:363)
	at org.openqa.selenium.remote.RemoteWebDriver.findElementByXPath(RemoteWebDriver.java:500)
	at org.openqa.selenium.By$ByXPath.findElement(By.java:361)
	at org.openqa.selenium.remote.RemoteWebDriver.findElement(RemoteWebDriver.java:355)
	at Script.BaseTest.getText(BaseTest.java:162)
	at Script.BillingCentre.BillingCent(BillingCentre.java:60)
</failure>
    <system-out><![CDATA[Test successfully executed
]]></system-out>
  </testcase>
</testsuite>