<?xml version="1.0" encoding="UTF-8"?>
<testsuite name="BillingCentreTest"
           tests="6"
           failures="0"
           errors="0"
           skipped="0"
           time="36.961">
  <properties />
  
  
            <testcase name="BillingCent" time="7.972" classname="Script.BillingCentre" />
                <testcase name="BillingCent" time="8.114" classname="Script.BillingCentre" />
                <testcase name="BillingCent" time="6.776" classname="Script.BillingCentre" />
                <testcase name="BillingCent" time="7.055" classname="Script.BillingCentre" />
                <testcase name="BillingCent" time="7.039" classname="Script.BillingCentre" />
                <testcase name="BillingCent" time="0.005" classname="Script.BillingCentre" />
      
</testsuite>
