<?xml version="1.0" encoding="UTF-8"?>
<testng-results skipped="0" failed="0" ignored="0" total="12" passed="12">
  <reporter-output>
  </reporter-output>
  <suite name="BillingCentre" duration-ms="48340" started-at="2018-10-09T04:51:31Z" finished-at="2018-10-09T04:52:19Z">
    <groups>
    </groups>
    <test name="BillingCentreTest" duration-ms="48340" started-at="2018-10-09T04:51:31Z" finished-at="2018-10-09T04:52:19Z">
      <class name="Script.Scenario2">
        <test-method status="PASS" signature="setUp()[pri:0, instance:Script.Scenario2@e320068]" name="setUp" is-config="true" duration-ms="10684" started-at="2018-10-09T00:51:20Z" finished-at="2018-10-09T00:51:31Z">
          <reporter-output>
          </reporter-output>
        </test-method> <!-- setUp -->
        <test-method status="PASS" signature="BillingCent(java.util.Hashtable)[pri:0, instance:Script.Scenario2@e320068]" name="BillingCent" duration-ms="4897" started-at="2018-10-09T00:51:31Z" data-provider="getData" finished-at="2018-10-09T00:51:36Z">
          <params>
            <param index="0">
              <value>
                <![CDATA[{PathID=NB_11967294,EN_11967721,CN_11968449,RI_0,RN_11969282, TotalPremium=194174.0, APPS_Written  Amount=194174.0, Policy Number=PHPK1869871, APPS_Tax=0.0, Package=Package1, Product=Non Profit Package - NP, Status=Pass, City=Berkeley, APPS_Policy_Number=PHPK1869871, State=CA, APPS_Annual Amount=194174.0}]]>
              </value>
            </param>
          </params>
          <reporter-output>
          </reporter-output>
        </test-method> <!-- BillingCent -->
        <test-method status="PASS" signature="BillingCent(java.util.Hashtable)[pri:0, instance:Script.Scenario2@e320068]" name="BillingCent" duration-ms="3174" started-at="2018-10-09T00:51:36Z" data-provider="getData" finished-at="2018-10-09T00:51:39Z">
          <params>
            <param index="0">
              <value>
                <![CDATA[{PathID=NB_11964009,EN_11967705,CN_11968432,RI_0,RN_11969281, TotalPremium=87735.0, APPS_Written  Amount=87735.0, Policy Number=PHPK1869852, APPS_Tax=0.0, Package=Package2, Product=Health & Fitness Pkg - HF, Status=Pass, City=Melrose, APPS_Policy_Number=PHPK1869852, State=MA, APPS_Annual Amount=87735.0}]]>
              </value>
            </param>
          </params>
          <reporter-output>
          </reporter-output>
        </test-method> <!-- BillingCent -->
        <test-method status="PASS" signature="BillingCent(java.util.Hashtable)[pri:0, instance:Script.Scenario2@e320068]" name="BillingCent" duration-ms="3169" started-at="2018-10-09T00:51:39Z" data-provider="getData" finished-at="2018-10-09T00:51:42Z">
          <params>
            <param index="0">
              <value>
                <![CDATA[{PathID=NB_11964052,EN_11967689,CN_11968419,RI_0,RN_11969279, TotalPremium=286617.0, APPS_Written  Amount=286617.0, Policy Number=PHPK1869853, APPS_Tax=0.0, Package=Package3, Product=Condominium Pkg. - CO, Status=Pass, City=Torrance, APPS_Policy_Number=PHPK1869853, State=CA, APPS_Annual Amount=286617.0}]]>
              </value>
            </param>
          </params>
          <reporter-output>
          </reporter-output>
        </test-method> <!-- BillingCent -->
        <test-method status="PASS" signature="BillingCent(java.util.Hashtable)[pri:0, instance:Script.Scenario2@e320068]" name="BillingCent" duration-ms="3219" started-at="2018-10-09T00:51:42Z" data-provider="getData" finished-at="2018-10-09T00:51:45Z">
          <params>
            <param index="0">
              <value>
                <![CDATA[{PathID=NB_11964101,EN_11967665,CN_11968407,RI_0,SplitRN1_11969312,SplitRN2_11969310, TotalPremium=80343.0, APPS_Written  Amount=80343.0, Policy Number=PHPK1869854, APPS_Tax=0.0, Package=Package4, Product=Home Health Care Pkg - HC, Status=Pass, City=Melrose, APPS_Policy_Number=PHPK1869854, State=MA, APPS_Annual Amount=80343.0}]]>
              </value>
            </param>
          </params>
          <reporter-output>
          </reporter-output>
        </test-method> <!-- BillingCent -->
        <test-method status="PASS" signature="BillingCent(java.util.Hashtable)[pri:0, instance:Script.Scenario2@e320068]" name="BillingCent" duration-ms="3162" started-at="2018-10-09T00:51:45Z" data-provider="getData" finished-at="2018-10-09T00:51:49Z">
          <params>
            <param index="0">
              <value>
                <![CDATA[{PathID=NB_11964184,EN_11967648,CN_11968395,RI_0,RN_11969285, TotalPremium=32139.0, APPS_Written  Amount=32139.0, Policy Number=PHPK1869855, APPS_Tax=0.0, Package=Package5, Product=Homeowner Assn. Pkg - PU, Status=Pass, City=Gardner, APPS_Policy_Number=PHPK1869855, State=KS, APPS_Annual Amount=32139.0}]]>
              </value>
            </param>
          </params>
          <reporter-output>
          </reporter-output>
        </test-method> <!-- BillingCent -->
        <test-method status="PASS" signature="BillingCent(java.util.Hashtable)[pri:0, instance:Script.Scenario2@e320068]" name="BillingCent" duration-ms="3069" started-at="2018-10-09T00:51:49Z" data-provider="getData" finished-at="2018-10-09T00:51:52Z">
          <params>
            <param index="0">
              <value>
                <![CDATA[{PathID=NB_11964385,EN_11967627,CN_11968383,RI_0,RN_11969288, TotalPremium=175196.5, APPS_Written  Amount=175190.0, Policy Number=PHPK1869857, APPS_Tax=6.5, Package=Package6, Product=Religious Organization Package - RL, Status=Pass, City=Pompano Beach, APPS_Policy_Number=PHPK1869857, State=FL, APPS_Annual Amount=175196.5}]]>
              </value>
            </param>
          </params>
          <reporter-output>
          </reporter-output>
        </test-method> <!-- BillingCent -->
        <test-method status="PASS" signature="BillingCent(java.util.Hashtable)[pri:0, instance:Script.Scenario2@e320068]" name="BillingCent" duration-ms="3192" started-at="2018-10-09T00:51:52Z" data-provider="getData" finished-at="2018-10-09T00:51:55Z">
          <params>
            <param index="0">
              <value>
                <![CDATA[{PathID=NB_11964613,EN_11967609,CN_11968369,RI_0,RN_11969286, TotalPremium=31038.0, APPS_Written  Amount=31038.0, Policy Number=PHPK1869858, APPS_Tax=0.0, Package=Package7, Product=Homeowner Assn. Pkg - PU, Status=Pass, City=Gardner, APPS_Policy_Number=PHPK1869858, State=KS, APPS_Annual Amount=31038.0}]]>
              </value>
            </param>
          </params>
          <reporter-output>
          </reporter-output>
        </test-method> <!-- BillingCent -->
        <test-method status="PASS" signature="BillingCent(java.util.Hashtable)[pri:0, instance:Script.Scenario2@e320068]" name="BillingCent" duration-ms="3354" started-at="2018-10-09T00:51:55Z" data-provider="getData" finished-at="2018-10-09T00:51:58Z">
          <params>
            <param index="0">
              <value>
                <![CDATA[{PathID=NB_11964822,EN_11967592, TotalPremium=46429.0, APPS_Written  Amount=46429.0, Policy Number=PHPK1869859, APPS_Tax=0.0, Package=Package8, Product=Guides & Outfitters Pkg - GO, Status=Pass, City=Austin, APPS_Policy_Number=PHPK1869859, State=TX, APPS_Annual Amount=46429.0}]]>
              </value>
            </param>
          </params>
          <reporter-output>
          </reporter-output>
        </test-method> <!-- BillingCent -->
        <test-method status="PASS" signature="BillingCent(java.util.Hashtable)[pri:0, instance:Script.Scenario2@e320068]" name="BillingCent" duration-ms="3151" started-at="2018-10-09T00:51:58Z" data-provider="getData" finished-at="2018-10-09T00:52:01Z">
          <params>
            <param index="0">
              <value>
                <![CDATA[{PathID=NB_11964860, TotalPremium=208711.0, APPS_Written  Amount=208711.0, Policy Number=PHPK1869860, APPS_Tax=0.0, Package=Package9, Product=Temporary Staffing Agency Package - TS, Status=Pass, City=San Francisco, APPS_Policy_Number=PHPK1869860, State=CA, APPS_Annual Amount=208711.0}]]>
              </value>
            </param>
          </params>
          <reporter-output>
          </reporter-output>
        </test-method> <!-- BillingCent -->
        <test-method status="PASS" signature="BillingCent(java.util.Hashtable)[pri:0, instance:Script.Scenario2@e320068]" name="BillingCent" duration-ms="3213" started-at="2018-10-09T00:52:01Z" data-provider="getData" finished-at="2018-10-09T00:52:05Z">
          <params>
            <param index="0">
              <value>
                <![CDATA[{PathID=NB_11964885, TotalPremium=120388.0, APPS_Written  Amount=120388.0, Policy Number=PHPK1869861, APPS_Tax=0.0, Package=Package10, Product=Day Care Pkg - DY, Status=Pass, City=Moosic, APPS_Policy_Number=PHPK1869861, State=PA, APPS_Annual Amount=120388.0}]]>
              </value>
            </param>
          </params>
          <reporter-output>
          </reporter-output>
        </test-method> <!-- BillingCent -->
        <test-method status="PASS" signature="BillingCent(java.util.Hashtable)[pri:0, instance:Script.Scenario2@e320068]" name="BillingCent" duration-ms="11576" started-at="2018-10-09T00:52:05Z" data-provider="getData" finished-at="2018-10-09T00:52:16Z">
          <params>
            <param index="0">
              <value>
                <![CDATA[{PathID=NB_11964916, TotalPremium=54000.0, APPS_Written  Amount=54000.0, Policy Number=PHPK1869862, APPS_Tax=0.0, Package=Package11, Product=Day Care Pkg - DY, Status=Pass, City=DOYLESTOWN, APPS_Policy_Number=PHPK1869862, State=PA, APPS_Annual Amount=54000.0}]]>
              </value>
            </param>
          </params>
          <reporter-output>
          </reporter-output>
        </test-method> <!-- BillingCent -->
        <test-method status="PASS" signature="BillingCent(java.util.Hashtable)[pri:0, instance:Script.Scenario2@e320068]" name="BillingCent" duration-ms="3045" started-at="2018-10-09T00:52:16Z" data-provider="getData" finished-at="2018-10-09T00:52:19Z">
          <params>
            <param index="0">
              <value>
                <![CDATA[{PathID=NB_11964963,EN_11967578,RN_11969275, TotalPremium=312604.11, APPS_Written  Amount=309055.0, Policy Number=PHPK1869864, APPS_Tax=3549.11, Package=Package12, Product=Fuel Dealers - FR, Status=Pass, City=Garden Grove, APPS_Policy_Number=PHPK1869864, State=CA, APPS_Annual Amount=312604.11}]]>
              </value>
            </param>
          </params>
          <reporter-output>
          </reporter-output>
        </test-method> <!-- BillingCent -->
        <test-method status="PASS" signature="tearDown()[pri:0, instance:Script.Scenario2@e320068]" name="tearDown" is-config="true" duration-ms="7337" started-at="2018-10-09T00:52:19Z" finished-at="2018-10-09T00:52:27Z">
          <reporter-output>
          </reporter-output>
        </test-method> <!-- tearDown -->
      </class> <!-- Script.Scenario2 -->
    </test> <!-- BillingCentreTest -->
  </suite> <!-- BillingCentre -->
</testng-results>
