<?xml version="1.0" encoding="UTF-8"?>
<!-- Generated by org.testng.reporters.JUnitXMLReporter -->
<testsuite hostname="W00PISVDI247" ignored="0" name="BillingCentreTest" tests="12" failures="0" timestamp="05 Oct 2018 15:31:31 GMT" time="104.242" errors="0">
  <testcase name="BillingCent" time="9.279" classname="Script.Scenario2"/>
  <testcase name="BillingCent" time="9.966" classname="Script.Scenario2"/>
  <testcase name="BillingCent" time="9.158" classname="Script.Scenario2"/>
  <testcase name="BillingCent" time="8.03" classname="Script.Scenario2"/>
  <testcase name="BillingCent" time="9.141" classname="Script.Scenario2"/>
  <testcase name="BillingCent" time="9.05" classname="Script.Scenario2"/>
  <testcase name="BillingCent" time="9.112" classname="Script.Scenario2"/>
  <testcase name="BillingCent" time="7.898" classname="Script.Scenario2"/>
  <testcase name="BillingCent" time="7.825" classname="Script.Scenario2"/>
  <testcase name="BillingCent" time="7.864" classname="Script.Scenario2"/>
  <testcase name="BillingCent" time="7.954" classname="Script.Scenario2"/>
  <testcase name="BillingCent" time="8.893" classname="Script.Scenario2"/>
</testsuite> <!-- BillingCentreTest -->
