<?xml version="1.0" encoding="UTF-8"?>
<!-- Generated by org.testng.reporters.JUnitXMLReporter -->
<testsuite hostname="W00PISVDI247" ignored="0" name="BillingCentreTest" tests="26" failures="0" timestamp="15 Mar 2019 12:29:18 GMT" time="0.195" errors="0">
  <testcase name="@BeforeSuite setUp" time="15.567" classname="Script.BaseTest">
    <failure type="org.openqa.selenium.WebDriverException" message="Failed to navigate to https://ljena:123tmnas*@phlygwbcqa.corp.tmnas.com/bc/BillingCenter.do. This usually means that a call to the COM method IWebBrowser2::Navigate2() failed. (WARNING: The server did not provide any stacktrace information)
Command duration or timeout: 15 milliseconds
Build info: version: &amp;apos;2.53.0&amp;apos;, revision: &amp;apos;35ae25b1534ae328c771e0856c93e187490ca824&amp;apos;, time: &amp;apos;2016-03-15 10:43:46&amp;apos;
System info: host: &amp;apos;W00PISVDI247&amp;apos;, ip: &amp;apos;10.60.202.198&amp;apos;, os.name: &amp;apos;Windows 7&amp;apos;, os.arch: &amp;apos;amd64&amp;apos;, os.version: &amp;apos;6.1&amp;apos;, java.version: &amp;apos;1.8.0_121&amp;apos;
Driver info: org.openqa.selenium.ie.InternetExplorerDriver
Capabilities [{browserAttachTimeout=0, ie.enableFullPageScreenshot=true, enablePersistentHover=false, ie.forceCreateProcessApi=false, ie.forceShellWindowsApi=false, pageLoadStrategy=normal, ignoreZoomSetting=false, ie.fileUploadDialogTimeout=3000, version=11, platform=WINDOWS, nativeEvents=true, ie.ensureCleanSession=true, elementScrollBehavior=0, ie.browserCommandLineSwitches=, requireWindowFocus=true, browserName=internet explorer, initialBrowserUrl=http://localhost:43291/, javascriptEnabled=true, ignoreProtectedModeSettings=true, enableElementCacheCleanup=true, unexpectedAlertBehaviour=dismiss}]
Session ID: 259047d1-1d8a-478f-a044-2512766dcd1a">
      <![CDATA[org.openqa.selenium.WebDriverException: Failed to navigate to https://ljena:123tmnas*@phlygwbcqa.corp.tmnas.com/bc/BillingCenter.do. This usually means that a call to the COM method IWebBrowser2::Navigate2() failed. (WARNING: The server did not provide any stacktrace information)
Command duration or timeout: 15 milliseconds
Build info: version: '2.53.0', revision: '35ae25b1534ae328c771e0856c93e187490ca824', time: '2016-03-15 10:43:46'
System info: host: 'W00PISVDI247', ip: '10.60.202.198', os.name: 'Windows 7', os.arch: 'amd64', os.version: '6.1', java.version: '1.8.0_121'
Driver info: org.openqa.selenium.ie.InternetExplorerDriver
Capabilities [{browserAttachTimeout=0, ie.enableFullPageScreenshot=true, enablePersistentHover=false, ie.forceCreateProcessApi=false, ie.forceShellWindowsApi=false, pageLoadStrategy=normal, ignoreZoomSetting=false, ie.fileUploadDialogTimeout=3000, version=11, platform=WINDOWS, nativeEvents=true, ie.ensureCleanSession=true, elementScrollBehavior=0, ie.browserCommandLineSwitches=, requireWindowFocus=true, browserName=internet explorer, initialBrowserUrl=http://localhost:43291/, javascriptEnabled=true, ignoreProtectedModeSettings=true, enableElementCacheCleanup=true, unexpectedAlertBehaviour=dismiss}]
Session ID: 259047d1-1d8a-478f-a044-2512766dcd1a
	at org.openqa.selenium.remote.ErrorHandler.createThrowable(ErrorHandler.java:206)
	at org.openqa.selenium.remote.ErrorHandler.throwIfResponseFailed(ErrorHandler.java:158)
	at org.openqa.selenium.remote.RemoteWebDriver.execute(RemoteWebDriver.java:678)
	at org.openqa.selenium.remote.RemoteWebDriver.get(RemoteWebDriver.java:316)
	at Script.BaseTest.setUp(BaseTest.java:140)
... Removed 23 stack frames]]>
    </failure>
  </testcase> <!-- @BeforeSuite setUp -->
  <testcase name="BillingCent" time="0.0" classname="Script.BillingCentre">
    <skipped/>
  </testcase> <!-- BillingCent -->
  <testcase name="BillingCent" time="0.0" classname="Script.BillingCentre">
    <skipped/>
  </testcase> <!-- BillingCent -->
  <testcase name="BillingCent" time="0.0" classname="Script.BillingCentre">
    <skipped/>
  </testcase> <!-- BillingCent -->
  <testcase name="BillingCent" time="0.0" classname="Script.BillingCentre">
    <skipped/>
  </testcase> <!-- BillingCent -->
  <testcase name="BillingCent" time="0.0" classname="Script.BillingCentre">
    <skipped/>
  </testcase> <!-- BillingCent -->
  <testcase name="BillingCent" time="0.001" classname="Script.BillingCentre">
    <skipped/>
  </testcase> <!-- BillingCent -->
  <testcase name="BillingCent" time="0.0" classname="Script.BillingCentre">
    <skipped/>
  </testcase> <!-- BillingCent -->
  <testcase name="BillingCent" time="0.0" classname="Script.BillingCentre">
    <skipped/>
  </testcase> <!-- BillingCent -->
  <testcase name="BillingCent" time="0.0" classname="Script.BillingCentre">
    <skipped/>
  </testcase> <!-- BillingCent -->
  <testcase name="BillingCent" time="0.0" classname="Script.BillingCentre">
    <skipped/>
  </testcase> <!-- BillingCent -->
  <testcase name="BillingCent" time="0.0" classname="Script.BillingCentre">
    <skipped/>
  </testcase> <!-- BillingCent -->
  <testcase name="BillingCent" time="0.0" classname="Script.BillingCentre">
    <skipped/>
  </testcase> <!-- BillingCent -->
  <testcase name="BillingCent" time="0.0" classname="Script.BillingCentre">
    <skipped/>
  </testcase> <!-- BillingCent -->
  <testcase name="BillingCent" time="0.0" classname="Script.BillingCentre">
    <skipped/>
  </testcase> <!-- BillingCent -->
  <testcase name="BillingCent" time="0.0" classname="Script.BillingCentre">
    <skipped/>
  </testcase> <!-- BillingCent -->
  <testcase name="BillingCent" time="0.0" classname="Script.BillingCentre">
    <skipped/>
  </testcase> <!-- BillingCent -->
  <testcase name="BillingCent" time="0.0" classname="Script.BillingCentre">
    <skipped/>
  </testcase> <!-- BillingCent -->
  <testcase name="BillingCent" time="0.0" classname="Script.BillingCentre">
    <skipped/>
  </testcase> <!-- BillingCent -->
  <testcase name="BillingCent" time="0.0" classname="Script.BillingCentre">
    <skipped/>
  </testcase> <!-- BillingCent -->
  <testcase name="BillingCent" time="0.0" classname="Script.BillingCentre">
    <skipped/>
  </testcase> <!-- BillingCent -->
  <testcase name="BillingCent" time="0.0" classname="Script.BillingCentre">
    <skipped/>
  </testcase> <!-- BillingCent -->
  <testcase name="BillingCent" time="0.0" classname="Script.BillingCentre">
    <skipped/>
  </testcase> <!-- BillingCent -->
  <testcase name="BillingCent" time="0.0" classname="Script.BillingCentre">
    <skipped/>
  </testcase> <!-- BillingCent -->
  <testcase name="BillingCent" time="0.0" classname="Script.BillingCentre">
    <skipped/>
  </testcase> <!-- BillingCent -->
  <testcase name="BillingCent" time="0.0" classname="Script.BillingCentre">
    <skipped/>
  </testcase> <!-- BillingCent -->
  <testcase name="BillingCent" time="0.001" classname="Script.BillingCentre">
    <skipped/>
  </testcase> <!-- BillingCent -->
</testsuite> <!-- BillingCentreTest -->
