<?xml version="1.0" encoding="UTF-8"?>
<!-- Generated by org.testng.reporters.JUnitXMLReporter -->
<testsuite hostname="W00PISVDI247" ignored="0" name="Default test" tests="12" failures="0" timestamp="06 Oct 2018 07:27:05 GMT" time="4.357" errors="0">
  <testcase name="BillingCent" time="0.945" classname="Script.CopyOfScenario2"/>
  <testcase name="BillingCent" time="0.674" classname="Script.CopyOfScenario2"/>
  <testcase name="BillingCent" time="0.635" classname="Script.CopyOfScenario2"/>
  <testcase name="BillingCent" time="0.001" classname="Script.CopyOfScenario2"/>
  <testcase name="BillingCent" time="0.595" classname="Script.CopyOfScenario2"/>
  <testcase name="BillingCent" time="0.375" classname="Script.CopyOfScenario2"/>
  <testcase name="BillingCent" time="0.535" classname="Script.CopyOfScenario2"/>
  <testcase name="BillingCent" time="0.0" classname="Script.CopyOfScenario2"/>
  <testcase name="BillingCent" time="0.001" classname="Script.CopyOfScenario2"/>
  <testcase name="BillingCent" time="0.0" classname="Script.CopyOfScenario2"/>
  <testcase name="BillingCent" time="0.001" classname="Script.CopyOfScenario2"/>
  <testcase name="BillingCent" time="0.483" classname="Script.CopyOfScenario2"/>
</testsuite> <!-- Default test -->
